{ Using PSTWRITER 16.6.0 d001Jan-06-2018 at 14:41:02 }

#1 WARNING(ORCAP-36038): "No_connect" property on Pin "MCU1.46" ignored for MCU1: SCHEMATIC1, controller (2.80, 2.40). Connecting pin to net "N3770874".
#2 WARNING(ORCAP-36038): "No_connect" property on Pin "MCU1.45" ignored for MCU1: SCHEMATIC1, controller (2.80, 2.40). Connecting pin to net "N3770878".
#3 WARNING(ORCAP-36038): "No_connect" property on Pin "MCU1.10" ignored for MCU1: SCHEMATIC1, controller (2.80, 2.40). Connecting pin to net "MCU_VSEN_PVDD".
#4 WARNING(ORCAP-36006): Part Name "TMS320F28027PT_LQFP48_MCU_TMS320F28027" is renamed to "TMS320F28027PT_LQFP48_MCU_TMS32".
#5 WARNING(ORCAP-36042): Pin "VDD" is renamed to "VDD#32" as visible power pin of same name already exists in Package TMS320F28027PT , MCU1: SCHEMATIC1, controller (2.80, 2.40).
#6 WARNING(ORCAP-36042): Pin "VSS" is renamed to "VSS#33" as visible power pin of same name already exists in Package TMS320F28027PT , MCU1: SCHEMATIC1, controller (2.80, 2.40).
#7 WARNING(ORCAP-36042): Pin "VDD" is renamed to "VDD#43" as visible power pin of same name already exists in Package TMS320F28027PT , MCU1: SCHEMATIC1, controller (2.80, 2.40).
#8 WARNING(ORCAP-36042): Pin "VSS" is renamed to "VSS#44" as visible power pin of same name already exists in Package TMS320F28027PT , MCU1: SCHEMATIC1, controller (2.80, 2.40).
#9 WARNING(ORCAP-36006): Part Name "N_MOSFET_TO252-263_TO252AA_ZK_IRLR7843-TO252AA" is renamed to "N_MOSFET_TO252-263_TO252AA_ZK_I".
#10 WARNING(ORCAP-36006): Part Name "TESTPAD_SMALL_SMD_TESTPAD_SMD_D10_X2" is renamed to "TESTPAD_SMALL_SMD_TESTPAD_SMD_D".
#11 WARNING(ORCAP-36006): Part Name "TESTPAD_SMALL_SMD_TESTPAD_SMD_D10_X1" is renamed to "TESTPAD_SMALL_SMD_TESTPAD_SMD_1".
#12 WARNING(ORCAP-36042): Pin "GND" is renamed to "GND#14" as visible power pin of same name already exists in Package DRV8305_0 , U1: SCHEMATIC1, mosfet_driver (1.90, 1.40).
#13 WARNING(ORCAP-36042): Pin "GND" is renamed to "GND#45" as visible power pin of same name already exists in Package DRV8305_0 , U1: SCHEMATIC1, mosfet_driver (1.90, 1.40).
INFO(ORCAP-36080): Scanning netlist files ...

Loading... G:\GEEK\PROJECTS\REMOTE_CAR\PCB/pstchip.dat

Loading... G:\GEEK\PROJECTS\REMOTE_CAR\PCB/pstchip.dat

Loading... G:\GEEK\PROJECTS\REMOTE_CAR\PCB/pstxprt.dat

Loading... G:\GEEK\PROJECTS\REMOTE_CAR\PCB/pstxnet.dat
packaging the design view...