(---------------------------------------------------------------------)
(                                                                     )
(    Allegro Netrev Import Logic                                      )
(                                                                     )
(    Drawing          : ti_foc_motor.brd                              )
(    Software Version : 17.2P019                                      )
(    Date/Time        : Thu Mar 22 21:31:34 2018                      )
(                                                                     )
(---------------------------------------------------------------------)


------ Directives ------------

Ripup etch:                  No
Ripup delete first segment:  No
Ripup retain bondwire:       No
Ripup symbols:               Always
Missing symbol has error:    No
DRC update:                  Yes
Schematic directory:         'G:/Geek/Projects/remote_car/PCB/PCB_DRV8305'
Design Directory:            '.'
Old design name:             'G:/Geek/Projects/remote_car/PCB/PCB_DRV8305/ti_foc_motor.brd'
New design name:             'G:/Geek/Projects/remote_car/PCB/PCB_DRV8305/ti_foc_motor.brd'

CmdLine: netrev -$ -i G:/Geek/Projects/remote_car/PCB/PCB_DRV8305 -y 1 -q netrev_constraint_report.xml G:/Geek/Projects/remote_car/PCB/PCB_DRV8305/#Taaaaac10340.tmp

------ Preparing to read pst files ------

Starting to read G:/Geek/Projects/remote_car/PCB/PCB_DRV8305/pstchip.dat 
   Finished reading G:/Geek/Projects/remote_car/PCB/PCB_DRV8305/pstchip.dat (00:00:00.04)
Starting to read G:/Geek/Projects/remote_car/PCB/PCB_DRV8305/pstxprt.dat 
   Finished reading G:/Geek/Projects/remote_car/PCB/PCB_DRV8305/pstxprt.dat (00:00:00.00)
Starting to read G:/Geek/Projects/remote_car/PCB/PCB_DRV8305/pstxnet.dat 
   Finished reading G:/Geek/Projects/remote_car/PCB/PCB_DRV8305/pstxnet.dat (00:00:00.00)

------ Oversights/Warnings/Errors ------


------ Library Paths ------
MODULEPATH =  . 
           D:/Cadence/SPB_17.2/share/local/pcb/modules 
           G:/Cadence/Package_Symbol/ 
           G:/Cadence/PADs/ 

PSMPATH =  . 
           symbols 
           .. 
           ../symbols 
           D:/Cadence/SPB_17.2/share/local/pcb/symbols 
           D:/Cadence/SPB_17.2/share/pcb/pcb_lib/symbols 
           D:/Cadence/SPB_17.2/share/pcb/allegrolib/symbols 
           G:/Cadence/Package_Symbol/ 
           G:/Cadence/PADs/ 
           G:/CADENCE/Shape/ 

PADPATH =  . 
           symbols 
           .. 
           ../symbols 
           D:/Cadence/SPB_17.2/share/local/pcb/padstacks 
           D:/Cadence/SPB_17.2/share/pcb/pcb_lib/symbols 
           D:/Cadence/SPB_17.2/share/pcb/allegrolib/symbols 
           G:/Cadence/PADs/ 
           G:/Cadence/Package_Symbol/ 


------ Summary Statistics ------


netrev run on Mar 22 21:31:34 2018
   DESIGN NAME : 'MOTOR_TI_FOC'
   PACKAGING ON Mar  2 2016 00:37:24

   COMPILE 'logic'
   CHECK_PIN_NAMES OFF
   CROSS_REFERENCE OFF
   FEEDBACK OFF
   INCREMENTAL OFF
   INTERFACE_TYPE PHYSICAL
   MAX_ERRORS 500
   MERGE_MINIMUM 5
   NET_NAME_CHARS '#%&()*+-./:=>?@[]^_`|'
   NET_NAME_LENGTH 24
   OVERSIGHTS ON
   REPLACE_CHECK OFF
   SINGLE_NODE_NETS ON
   SPLIT_MINIMUM 0
   SUPPRESS   20
   WARNINGS ON

 No error detected
 No oversight detected
 No warning detected

cpu time      0:01:09
elapsed time  0:00:00

