Mon Jan 08 20:34:22 2018				Page     1


 
Update Symbols/Modules Logfile
	Mon Jan 08 20:34:22 2018

------ Module Refresh Messages ------

SUMMARY:    Updated 0 out of 0 modules

------ End Module Messages     ------



(---------------------------------------------------------------------)
(                                                                     )
(    Refresh Symbol                                                   )
(                                                                     )
(    Drawing          : ti_foc_motor.brd                              )
(    Software Version : 16.6S008                                      )
(    Date/Time        : Mon Jan 08 20:34:22 2018                      )
(                                                                     )
(---------------------------------------------------------------------)


Mon Jan 08 20:34:22 2018				Page     1


------ Symbol Refresh Directives ------

Input design = 'G:/Geek/Projects/remote_car/PCB/ti_foc_motor.brd'
Output design = ''
Update mechanical symbols = 'NO'
Update format symbols = 'NO'
Update package symbols = 'NO'
Update shape/flash symbols = 'NO'
Update symbol padstacks = 'YES'
Reset symbol text and size locations = 'NO'
Reset Pin Escapes (fanouts) = 'NO'
Ripup Etch = 'NO'
Reset custom drill data = 'NO'
Symbol list file = 'C:/Users/Zulolo/AppData/Local/Temp/#Taaaaab10680.tmp'


------ Library Paths ------
PSMPATH =  . 
           symbols 
           .. 
           ../symbols 
           D:/Cadence/SPB_16.6/share/local/pcb/symbols 
           D:/Cadence/SPB_16.6/share/pcb/pcb_lib/symbols 
           D:/Cadence/SPB_16.6/share/pcb/allegrolib/symbols 
           G:/Cadence/Package_Symbol/ 
           G:/Cadence/PADs/ 
           G:/CADENCE/Shape/ 

PADPATH =  . 
           symbols 
           .. 
           ../symbols 
           D:/Cadence/SPB_16.6/share/local/pcb/padstacks 
           D:/Cadence/SPB_16.6/share/pcb/pcb_lib/symbols 
           D:/Cadence/SPB_16.6/share/pcb/allegrolib/symbols 
           G:/Cadence/PADs/ 
           G:/Cadence/Package_Symbol/ 


------ Symbol Refresh Messages ------

'BANANA'  symbol refreshed successfully.


------ Pad Stack Refresh Messages ------

'DIP_CIR_60_100'  pad stack refreshed successfully.


----- Symbol Update Summary ----

Updated symbols: 1 out 1
    Design updated.

