(---------------------------------------------------------------------)
(                                                                     )
(    ARTWORK LOG                                                      )
(                                                                     )
(    Drawing          : ti_foc_motor_8301.brd                         )
(    Software Version : 17.2P019                                      )
(    Date/Time        : Sat Mar 03 21:35:29 2018                      )
(                                                                     )
(---------------------------------------------------------------------)


 ---- Photoplot outline rectangle not found; using drawing extents.



Results from parameter file ...
    DEVICE-TYPE           GERBER_RS274X
    OUTPUT-UNITS          MM
    FILM-SIZE             25000000 20000000
    FORMAT                2.5
    ABORT-ON-ERROR        NO
    SCALE                 1
    SUPPRESS-LEAD-ZEROES  YES
    SUPPRESS-TRAIL-ZEROES NO
    SUPPRESS-EQUAL        YES
    UNDEF-APT-CONT        NO



================================================================
     PROCESSING FILM < TOP >
     TO FILE < G:/Geek/Projects/remote_car/PCB/PCB_DRV8301/TOP.art > ...
================================================================

  FILM PARAMETERS :
  ---------------------------------------------------------
  Undefined line width                0.2000
  Mirror code                         NONE
  Rotate angle                        NONE
  Offset x:                           0.0000
  Offset y:                           0.0000
  Plot negative                       NO
  Suppress unconnected internal pads  NO
  Draw holes only                     NO



  APERTURES USED:
  ---------------------------------------------------------
  TYPE       SIZE/NAME                   ROT   MIRROR MODE 
  ---------------------------------------------------------
  CIRCLE     0.20000                                  DARK 
  CIRCLE     0.25000                                  DARK 
  CIRCLE     0.30000                                  DARK 
  CIRCLE     0.50000                                  DARK 
  CIRCLE     0.60000                                  DARK 
  CIRCLE     0.80000                                  DARK 
  CIRCLE     0.90000                                  DARK 
  CIRCLE     1.00000                                  DARK 
  CIRCLE     1.80000                                  DARK 
  CIRCLE     3.60000                                  DARK 
  SQUARE     1.80000                     0.000 NO     DARK 
  RECTANGLE  1.00000     x 1.70000       0.000 NO     DARK 
  RECTANGLE  1.40000     x 0.30000      90.000 NO     DARK 
  RECTANGLE  1.50000     x 0.90000       0.000 NO     DARK 
  RECTANGLE  1.50000     x 0.90000      90.000 NO     DARK 
  RECTANGLE  1.50000     x 2.20000       0.000 NO     DARK 
  RECTANGLE  1.50000     x 2.50000      90.000 NO     DARK 
  RECTANGLE  1.80000     x 0.90000       0.000 NO     DARK 
  RECTANGLE  1.80000     x 0.90000      90.000 NO     DARK 
  RECTANGLE  2.50000     x 3.25000      90.000 NO     DARK 
  RECTANGLE  7.00000     x 7.00000       0.000 NO     DARK 

     TOP created.


================================================================
     PROCESSING FILM < POWER >
     TO FILE < G:/Geek/Projects/remote_car/PCB/PCB_DRV8301/POWER.art > ...
================================================================

  FILM PARAMETERS :
  ---------------------------------------------------------
  Undefined line width                0.2000
  Mirror code                         NONE
  Rotate angle                        NONE
  Offset x:                           0.0000
  Offset y:                           0.0000
  Plot negative                       NO
  Suppress unconnected internal pads  NO
  Draw holes only                     NO



  APERTURES USED:
  ---------------------------------------------------------
  TYPE       SIZE/NAME                   ROT   MIRROR MODE 
  ---------------------------------------------------------
  CIRCLE     0.20000                                  DARK 
  CIRCLE     0.25000                                  DARK 
  CIRCLE     0.30000                                  DARK 
  CIRCLE     0.50000                                  DARK 
  CIRCLE     0.60000                                  DARK 
  CIRCLE     1.00000                                  DARK 
  CIRCLE     1.80000                                  DARK 
  CIRCLE     3.60000                                  DARK 
  SQUARE     1.80000                     0.000 NO     DARK 

     POWER created.


================================================================
     PROCESSING FILM < GND >
     TO FILE < G:/Geek/Projects/remote_car/PCB/PCB_DRV8301/GND.art > ...
================================================================

  FILM PARAMETERS :
  ---------------------------------------------------------
  Undefined line width                0.2000
  Mirror code                         NONE
  Rotate angle                        NONE
  Offset x:                           0.0000
  Offset y:                           0.0000
  Plot negative                       NO
  Suppress unconnected internal pads  NO
  Draw holes only                     NO



  APERTURES USED:
  ---------------------------------------------------------
  TYPE       SIZE/NAME                   ROT   MIRROR MODE 
  ---------------------------------------------------------
  CIRCLE     0.30000                                  DARK 
  CIRCLE     0.50000                                  DARK 
  CIRCLE     0.60000                                  DARK 
  CIRCLE     1.00000                                  DARK 
  CIRCLE     1.80000                                  DARK 
  CIRCLE     3.60000                                  DARK 
  SQUARE     1.80000                     0.000 NO     DARK 

     GND created.


================================================================
     PROCESSING FILM < BOTTOM >
     TO FILE < G:/Geek/Projects/remote_car/PCB/PCB_DRV8301/BOTTOM.art > ...
================================================================

  FILM PARAMETERS :
  ---------------------------------------------------------
  Undefined line width                0.2000
  Mirror code                         NONE
  Rotate angle                        NONE
  Offset x:                           0.0000
  Offset y:                           0.0000
  Plot negative                       NO
  Suppress unconnected internal pads  NO
  Draw holes only                     NO



  APERTURES USED:
  ---------------------------------------------------------
  TYPE       SIZE/NAME                   ROT   MIRROR MODE 
  ---------------------------------------------------------
  CIRCLE     0.20000                                  DARK 
  CIRCLE     0.25000                                  DARK 
  CIRCLE     0.30000                                  DARK 
  CIRCLE     0.50000                                  DARK 
  CIRCLE     0.60000                                  DARK 
  CIRCLE     1.00000                                  DARK 
  CIRCLE     1.80000                                  DARK 
  CIRCLE     2.50000                                  DARK 
  CIRCLE     3.60000                                  DARK 
  SQUARE     1.80000                     0.000 NO     DARK 
  RECTANGLE  0.50000     x 0.70000      90.000 NO     DARK 
  RECTANGLE  1.00000     x 1.70000       0.000 NO     DARK 
  RECTANGLE  1.20000     x 0.25000       0.000 NO     DARK 
  RECTANGLE  1.20000     x 0.25000      90.000 NO     DARK 
  RECTANGLE  1.40000     x 0.80000       0.000 NO     DARK 
  RECTANGLE  1.40000     x 0.80000      90.000 NO     DARK 
  RECTANGLE  1.50000     x 0.80000       0.000 NO     DARK 
  RECTANGLE  1.50000     x 0.90000       0.000 NO     DARK 
  RECTANGLE  1.50000     x 0.90000      90.000 NO     DARK 
  RECTANGLE  1.50000     x 2.20000       0.000 NO     DARK 
  RECTANGLE  2.10000     x 0.80000       0.000 NO     DARK 
  RECTANGLE  3.60000     x 1.60000      90.000 NO     DARK 
  RECTANGLE  7.00000     x 7.00000       0.000 NO     DARK 

     BOTTOM created.


================================================================
     PROCESSING FILM < SILKSCREEN_TOP >
     TO FILE < G:/Geek/Projects/remote_car/PCB/PCB_DRV8301/SILKSCREEN_TOP.art > ...
================================================================

  FILM PARAMETERS :
  ---------------------------------------------------------
  Undefined line width                0.2000
  Mirror code                         NONE
  Rotate angle                        NONE
  Offset x:                           0.0000
  Offset y:                           0.0000
  Plot negative                       NO
  Suppress unconnected internal pads  NO
  Draw holes only                     NO

    WARNING: 0 width line found at (0.5000 0.0000)
           ... using undefined line width of 0.2000

    WARNING: text composed 0 width line found at (1.9000 10.4000)
           ... using undefined line width of 0.2000

    WARNING: text having Multiple 0 width lines; all will be treated the same as the first.
           ... using undefined line width of 0.2000



  APERTURES USED:
  ---------------------------------------------------------
  TYPE       SIZE/NAME                   ROT   MIRROR MODE 
  ---------------------------------------------------------
  CIRCLE     0.20000                                  DARK 
  CIRCLE     0.30000                                  DARK 

     SILKSCREEN_TOP created with warnings


================================================================
     PROCESSING FILM < SILKSCREEN_BOTTOM >
     TO FILE < G:/Geek/Projects/remote_car/PCB/PCB_DRV8301/SILKSCREEN_BOTTOM.art > ...
================================================================

  FILM PARAMETERS :
  ---------------------------------------------------------
  Undefined line width                0.2000
  Mirror code                         NONE
  Rotate angle                        NONE
  Offset x:                           0.0000
  Offset y:                           0.0000
  Plot negative                       NO
  Suppress unconnected internal pads  NO
  Draw holes only                     NO

    WARNING: Multiple 0 width lines; all will be treated the same as the first.
           ... using undefined line width of 0.2000



  APERTURES USED:
  ---------------------------------------------------------
  TYPE       SIZE/NAME                   ROT   MIRROR MODE 
  ---------------------------------------------------------
  CIRCLE     0.10000                                  DARK 
  CIRCLE     0.20000                                  DARK 
  CIRCLE     0.30000                                  DARK 

     SILKSCREEN_BOTTOM created with warnings


================================================================
     PROCESSING FILM < SOLDERMASK_TOP >
     TO FILE < G:/Geek/Projects/remote_car/PCB/PCB_DRV8301/SOLDERMASK_TOP.art > ...
================================================================

  FILM PARAMETERS :
  ---------------------------------------------------------
  Undefined line width                0.2000
  Mirror code                         NONE
  Rotate angle                        NONE
  Offset x:                           0.0000
  Offset y:                           0.0000
  Plot negative                       NO
  Suppress unconnected internal pads  NO
  Draw holes only                     NO



  APERTURES USED:
  ---------------------------------------------------------
  TYPE       SIZE/NAME                   ROT   MIRROR MODE 
  ---------------------------------------------------------
  CIRCLE     1.90000                                  DARK 
  CIRCLE     3.80000                                  DARK 
  SQUARE     1.90000                     0.000 NO     DARK 
  RECTANGLE  1.20000     x 1.90000       0.000 NO     DARK 
  RECTANGLE  1.50000     x 0.40000      90.000 NO     DARK 
  RECTANGLE  1.70000     x 1.00000       0.000 NO     DARK 
  RECTANGLE  1.70000     x 1.00000      90.000 NO     DARK 
  RECTANGLE  1.70000     x 2.40000       0.000 NO     DARK 
  RECTANGLE  1.70000     x 2.70000      90.000 NO     DARK 
  RECTANGLE  2.00000     x 1.10000       0.000 NO     DARK 
  RECTANGLE  2.00000     x 1.10000      90.000 NO     DARK 
  RECTANGLE  2.70000     x 3.40000      90.000 NO     DARK 
  RECTANGLE  7.20000     x 7.20000       0.000 NO     DARK 

     SOLDERMASK_TOP created.


================================================================
     PROCESSING FILM < SOLDERMASK_BOTTOM >
     TO FILE < G:/Geek/Projects/remote_car/PCB/PCB_DRV8301/SOLDERMASK_BOTTOM.art > ...
================================================================

  FILM PARAMETERS :
  ---------------------------------------------------------
  Undefined line width                0.2000
  Mirror code                         NONE
  Rotate angle                        NONE
  Offset x:                           0.0000
  Offset y:                           0.0000
  Plot negative                       NO
  Suppress unconnected internal pads  NO
  Draw holes only                     NO



  APERTURES USED:
  ---------------------------------------------------------
  TYPE       SIZE/NAME                   ROT   MIRROR MODE 
  ---------------------------------------------------------
  CIRCLE     1.90000                                  DARK 
  CIRCLE     3.80000                                  DARK 
  SQUARE     1.90000                     0.000 NO     DARK 
  RECTANGLE  0.70000     x 0.90000      90.000 NO     DARK 
  RECTANGLE  1.20000     x 1.90000       0.000 NO     DARK 
  RECTANGLE  1.40000     x 0.30000       0.000 NO     DARK 
  RECTANGLE  1.40000     x 0.30000      90.000 NO     DARK 
  RECTANGLE  1.60000     x 1.00000       0.000 NO     DARK 
  RECTANGLE  1.60000     x 1.00000      90.000 NO     DARK 
  RECTANGLE  1.70000     x 1.00000       0.000 NO     DARK 
  RECTANGLE  1.70000     x 1.00000      90.000 NO     DARK 
  RECTANGLE  1.70000     x 2.40000       0.000 NO     DARK 
  RECTANGLE  2.20000     x 0.90000       0.000 NO     DARK 
  RECTANGLE  3.80000     x 1.80000      90.000 NO     DARK 
  RECTANGLE  7.20000     x 7.20000       0.000 NO     DARK 

     SOLDERMASK_BOTTOM created.


================================================================
     PROCESSING FILM < DRILL >
     TO FILE < G:/Geek/Projects/remote_car/PCB/PCB_DRV8301/DRILL.art > ...
================================================================

  FILM PARAMETERS :
  ---------------------------------------------------------
  Undefined line width                0.2000
  Mirror code                         NONE
  Rotate angle                        NONE
  Offset x:                           0.0000
  Offset y:                           0.0000
  Plot negative                       NO
  Suppress unconnected internal pads  NO
  Draw holes only                     NO



  APERTURES USED:
  ---------------------------------------------------------
  TYPE       SIZE/NAME                   ROT   MIRROR MODE 
  ---------------------------------------------------------
  CIRCLE     0.20000                                  DARK 

     DRILL created.


================================================================
     PROCESSING FILM < OUTLINE >
     TO FILE < G:/Geek/Projects/remote_car/PCB/PCB_DRV8301/OUTLINE.art > ...
================================================================

  FILM PARAMETERS :
  ---------------------------------------------------------
  Undefined line width                0.2000
  Mirror code                         NONE
  Rotate angle                        NONE
  Offset x:                           0.0000
  Offset y:                           0.0000
  Plot negative                       NO
  Suppress unconnected internal pads  NO
  Draw holes only                     NO



  APERTURES USED:
  ---------------------------------------------------------
  TYPE       SIZE/NAME                   ROT   MIRROR MODE 
  ---------------------------------------------------------
  CIRCLE     0.20000                                  DARK 

     OUTLINE created.


------------------------------------------------------
 SUMMARY:
        TOP created.
        POWER created.
        GND created.
        BOTTOM created.
        SILKSCREEN_TOP created with warnings
        SILKSCREEN_BOTTOM created with warnings
        SOLDERMASK_TOP created.
        SOLDERMASK_BOTTOM created.
        DRILL created.
        OUTLINE created.

 ARTWORK had warnings
